10:53:24.707 [AWT-EventQueue-0] INFO  c.b.sdk.actions.EnableBrowserStack - Setting enable browserstack run update
10:53:24.712 [AWT-EventQueue-0] INFO  com.browserstack.sdk.utils.Helpers - /Users/apple/.m2/repository/com/browserstack/browserstack-java-sdk/1.57.0/browserstack-java-sdk-1.57.0.jar
10:53:24.712 [AWT-EventQueue-0] INFO  com.browserstack.sdk.utils.Helpers - null
10:53:24.716 [AWT-EventQueue-0] INFO  c.b.sdk.actions.DisableBrowserStack - Setting disable browserstack run update
10:53:24.717 [AWT-EventQueue-0] INFO  com.browserstack.sdk.utils.Helpers - /Users/apple/.m2/repository/com/browserstack/browserstack-java-sdk/1.57.0/browserstack-java-sdk-1.57.0.jar
10:53:24.717 [AWT-EventQueue-0] INFO  com.browserstack.sdk.utils.Helpers - null
10:55:36.317 [AWT-EventQueue-0] INFO  c.b.sdk.launchers.LaunchMavenCommand - Integrate source: java:appium-intellij:2.0.5-IU
10:55:36.317 [AWT-EventQueue-0] INFO  c.b.sdk.launchers.LaunchMavenCommand - Executing maven archetype command - browserstack-sdk-archetype-integrate
10:55:44.369 [sh] INFO  c.b.sdk.launchers.LaunchMavenCommand - Completed maven archetype command
11:07:18.482 [ApplicationImpl pooled thread 2] INFO  c.b.s.l.BrowserStackRunExtension - testng
11:07:18.483 [ApplicationImpl pooled thread 2] INFO  com.browserstack.sdk.utils.Helpers - true
11:07:18.484 [ApplicationImpl pooled thread 2] INFO  com.browserstack.sdk.utils.Helpers - /Users/apple/.m2/repository/com/browserstack/browserstack-java-sdk/1.57.0/browserstack-java-sdk-1.57.0.jar
11:07:18.484 [ApplicationImpl pooled thread 2] INFO  c.b.s.l.BrowserStackRunExtension - Agent path: /Users/apple/.m2/repository/com/browserstack/browserstack-java-sdk/1.57.0/browserstack-java-sdk-1.57.0.jar
11:07:18.484 [ApplicationImpl pooled thread 2] INFO  c.b.s.l.BrowserStackRunExtension - Adding Browserstack SDK javaagent argline
11:07:18.484 [ApplicationImpl pooled thread 2] INFO  c.b.s.l.BrowserStackRunExtension - Plugin version: 2.0.5-IU
11:22:57.950 [ApplicationImpl pooled thread 17] INFO  c.b.s.l.BrowserStackRunExtension - testng
11:22:57.952 [ApplicationImpl pooled thread 17] INFO  com.browserstack.sdk.utils.Helpers - true
11:22:57.954 [ApplicationImpl pooled thread 17] INFO  com.browserstack.sdk.utils.Helpers - /Users/apple/.m2/repository/com/browserstack/browserstack-java-sdk/1.57.0/browserstack-java-sdk-1.57.0.jar
11:22:57.954 [ApplicationImpl pooled thread 17] INFO  c.b.s.l.BrowserStackRunExtension - Agent path: /Users/apple/.m2/repository/com/browserstack/browserstack-java-sdk/1.57.0/browserstack-java-sdk-1.57.0.jar
11:22:57.955 [ApplicationImpl pooled thread 17] INFO  c.b.s.l.BrowserStackRunExtension - Adding Browserstack SDK javaagent argline
11:22:57.955 [ApplicationImpl pooled thread 17] INFO  c.b.s.l.BrowserStackRunExtension - Plugin version: 2.0.5-IU
15:23:13.364 [ApplicationImpl pooled thread 91] INFO  c.b.s.l.BrowserStackRunExtension - testng
15:23:13.365 [ApplicationImpl pooled thread 91] INFO  com.browserstack.sdk.utils.Helpers - true
15:23:13.365 [ApplicationImpl pooled thread 91] INFO  com.browserstack.sdk.utils.Helpers - /Users/apple/.m2/repository/com/browserstack/browserstack-java-sdk/1.57.0/browserstack-java-sdk-1.57.0.jar
15:23:13.365 [ApplicationImpl pooled thread 91] INFO  c.b.s.l.BrowserStackRunExtension - Agent path: /Users/apple/.m2/repository/com/browserstack/browserstack-java-sdk/1.57.0/browserstack-java-sdk-1.57.0.jar
15:23:13.365 [ApplicationImpl pooled thread 91] INFO  c.b.s.l.BrowserStackRunExtension - Adding Browserstack SDK javaagent argline
15:23:13.365 [ApplicationImpl pooled thread 91] INFO  c.b.s.l.BrowserStackRunExtension - Plugin version: 2.0.5-IU
